<?xml version="1.0" encoding="UTF-8"?>
<testng-results total="1" passed="1" failed="0" skipped="0">
  <reporter-output>
  </reporter-output>
  <suite started-at="2022-03-14T04:32:45Z" name="Suite" finished-at="2022-03-14T04:32:45Z" duration-ms="16">
    <groups>
    </groups>
    <test started-at="2022-03-14T04:32:45Z" name="Test" finished-at="2022-03-14T04:32:45Z" duration-ms="16">
      <class name="mavenjava.javatestng.NewTest">
        <test-method signature="f()[pri:0, instance:mavenjava.javatestng.NewTest@4686afc2]" started-at="2022-03-14T10:02:45Z" name="f" finished-at="2022-03-14T10:02:45Z" duration-ms="4" status="PASS">
          <reporter-output>
          </reporter-output>
        </test-method> <!-- f -->
      </class> <!-- mavenjava.javatestng.NewTest -->
    </test> <!-- Test -->
  </suite> <!-- Suite -->
</testng-results>
